INFO:WDM:====== WebDriver manager ======
INFO:WDM:Driver [C:\Users\ammulu\.wdm\drivers\chromedriver\win32\109.0.5414.74\chromedriver.exe] found in cache
DEBUG:selenium.webdriver.common.service:Started executable: `C:\Users\ammulu\.wdm\drivers\chromedriver\win32\109.0.5414.74\chromedriver.exe` in a child process with pid: 7128
DEBUG:selenium.webdriver.remote.remote_connection:POST http://localhost:54346/session {"capabilities": {"firstMatch": [{}], "alwaysMatch": {"browserName": "chrome", "pageLoadStrategy": "normal", "goog:chromeOptions": {"extensions": [], "args": []}}}}
DEBUG:urllib3.connectionpool:Starting new HTTP connection (1): localhost:54346
DEBUG:urllib3.connectionpool:http://localhost:54346 "POST /session HTTP/1.1" 200 791
DEBUG:selenium.webdriver.remote.remote_connection:Remote response: status=200 | data={"value":{"capabilities":{"acceptInsecureCerts":false,"browserName":"chrome","browserVersion":"109.0.5414.149","chrome":{"chromedriverVersion":"109.0.5414.74 (e7c5703604daa9cc128ccf5a5d3e993513758913-refs/branch-heads/5414@{#1172})","userDataDir":"C:\\Users\\ammulu\\AppData\\Local\\Temp\\scoped_dir7128_872428767"},"goog:chromeOptions":{"debuggerAddress":"localhost:54349"},"networkConnectionEnabled":false,"pageLoadStrategy":"normal","platformName":"windows","proxy":{},"setWindowRect":true,"strictFileInteractability":false,"timeouts":{"implicit":0,"pageLoad":300000,"script":30000},"unhandledPromptBehavior":"dismiss and notify","webauthn:extension:credBlob":true,"webauthn:extension:largeBlob":true,"webauthn:virtualAuthenticators":true},"sessionId":"e080ae79f4e6d51ef74b4f0374a5963d"}} | headers=HTTPHeaderDict({'Content-Length': '791', 'Content-Type': 'application/json; charset=utf-8', 'cache-control': 'no-cache'})
DEBUG:selenium.webdriver.remote.remote_connection:Finished Request
DEBUG:selenium.webdriver.remote.remote_connection:POST http://localhost:54346/session/e080ae79f4e6d51ef74b4f0374a5963d/window/maximize {}
DEBUG:urllib3.connectionpool:http://localhost:54346 "POST /session/e080ae79f4e6d51ef74b4f0374a5963d/window/maximize HTTP/1.1" 200 51
DEBUG:selenium.webdriver.remote.remote_connection:Remote response: status=200 | data={"value":{"height":744,"width":1040,"x":-8,"y":-8}} | headers=HTTPHeaderDict({'Content-Length': '51', 'Content-Type': 'application/json; charset=utf-8', 'cache-control': 'no-cache'})
DEBUG:selenium.webdriver.remote.remote_connection:Finished Request
DEBUG:selenium.webdriver.remote.remote_connection:POST http://localhost:54346/session/e080ae79f4e6d51ef74b4f0374a5963d/url {"url": "https://www.facebook.com"}
DEBUG:urllib3.connectionpool:http://localhost:54346 "POST /session/e080ae79f4e6d51ef74b4f0374a5963d/url HTTP/1.1" 200 14
DEBUG:selenium.webdriver.remote.remote_connection:Remote response: status=200 | data={"value":null} | headers=HTTPHeaderDict({'Content-Length': '14', 'Content-Type': 'application/json; charset=utf-8', 'cache-control': 'no-cache'})
DEBUG:selenium.webdriver.remote.remote_connection:Finished Request
DEBUG:selenium.webdriver.remote.remote_connection:GET http://localhost:54346/session/e080ae79f4e6d51ef74b4f0374a5963d/title {}
DEBUG:urllib3.connectionpool:http://localhost:54346 "GET /session/e080ae79f4e6d51ef74b4f0374a5963d/title HTTP/1.1" 200 42
DEBUG:selenium.webdriver.remote.remote_connection:Remote response: status=200 | data={"value":"Facebook – log in or sign up"} | headers=HTTPHeaderDict({'Content-Length': '42', 'Content-Type': 'application/json; charset=utf-8', 'cache-control': 'no-cache'})
DEBUG:selenium.webdriver.remote.remote_connection:Finished Request
INFO:root:Web Page title verified - 2023-09-28 12:43:38.236585
DEBUG:selenium.webdriver.remote.remote_connection:POST http://localhost:54346/session/e080ae79f4e6d51ef74b4f0374a5963d/element {"using": "xpath", "value": "//*[@name='email']"}
DEBUG:urllib3.connectionpool:http://localhost:54346 "POST /session/e080ae79f4e6d51ef74b4f0374a5963d/element HTTP/1.1" 200 88
DEBUG:selenium.webdriver.remote.remote_connection:Remote response: status=200 | data={"value":{"element-6066-11e4-a52e-4f735466cecf":"6d90500a-0261-4fc3-9e81-f188e8b82734"}} | headers=HTTPHeaderDict({'Content-Length': '88', 'Content-Type': 'application/json; charset=utf-8', 'cache-control': 'no-cache'})
DEBUG:selenium.webdriver.remote.remote_connection:Finished Request
DEBUG:selenium.webdriver.remote.remote_connection:POST http://localhost:54346/session/e080ae79f4e6d51ef74b4f0374a5963d/element/6d90500a-0261-4fc3-9e81-f188e8b82734/value {"text": "sateesh@gmail.com", "value": ["s", "a", "t", "e", "e", "s", "h", "@", "g", "m", "a", "i", "l", ".", "c", "o", "m"], "id": "6d90500a-0261-4fc3-9e81-f188e8b82734"}
DEBUG:urllib3.connectionpool:http://localhost:54346 "POST /session/e080ae79f4e6d51ef74b4f0374a5963d/element/6d90500a-0261-4fc3-9e81-f188e8b82734/value HTTP/1.1" 200 14
DEBUG:selenium.webdriver.remote.remote_connection:Remote response: status=200 | data={"value":null} | headers=HTTPHeaderDict({'Content-Length': '14', 'Content-Type': 'application/json; charset=utf-8', 'cache-control': 'no-cache'})
DEBUG:selenium.webdriver.remote.remote_connection:Finished Request
DEBUG:selenium.webdriver.remote.remote_connection:POST http://localhost:54346/session/e080ae79f4e6d51ef74b4f0374a5963d/element {"using": "xpath", "value": "//*[@name='pass']"}
DEBUG:urllib3.connectionpool:http://localhost:54346 "POST /session/e080ae79f4e6d51ef74b4f0374a5963d/element HTTP/1.1" 200 88
DEBUG:selenium.webdriver.remote.remote_connection:Remote response: status=200 | data={"value":{"element-6066-11e4-a52e-4f735466cecf":"98d2b9b4-b61d-4f35-a513-842f3e6e784b"}} | headers=HTTPHeaderDict({'Content-Length': '88', 'Content-Type': 'application/json; charset=utf-8', 'cache-control': 'no-cache'})
DEBUG:selenium.webdriver.remote.remote_connection:Finished Request
DEBUG:selenium.webdriver.remote.remote_connection:POST http://localhost:54346/session/e080ae79f4e6d51ef74b4f0374a5963d/element/98d2b9b4-b61d-4f35-a513-842f3e6e784b/value {"text": "passwod1", "value": ["p", "a", "s", "s", "w", "o", "d", "1"], "id": "98d2b9b4-b61d-4f35-a513-842f3e6e784b"}
DEBUG:urllib3.connectionpool:http://localhost:54346 "POST /session/e080ae79f4e6d51ef74b4f0374a5963d/element/98d2b9b4-b61d-4f35-a513-842f3e6e784b/value HTTP/1.1" 200 14
DEBUG:selenium.webdriver.remote.remote_connection:Remote response: status=200 | data={"value":null} | headers=HTTPHeaderDict({'Content-Length': '14', 'Content-Type': 'application/json; charset=utf-8', 'cache-control': 'no-cache'})
DEBUG:selenium.webdriver.remote.remote_connection:Finished Request
DEBUG:selenium.webdriver.remote.remote_connection:POST http://localhost:54346/session/e080ae79f4e6d51ef74b4f0374a5963d/element {"using": "xpath", "value": "//*[@name='login']"}
DEBUG:urllib3.connectionpool:http://localhost:54346 "POST /session/e080ae79f4e6d51ef74b4f0374a5963d/element HTTP/1.1" 200 88
DEBUG:selenium.webdriver.remote.remote_connection:Remote response: status=200 | data={"value":{"element-6066-11e4-a52e-4f735466cecf":"bd90c7dc-dcb6-493c-84dd-952a59b6e408"}} | headers=HTTPHeaderDict({'Content-Length': '88', 'Content-Type': 'application/json; charset=utf-8', 'cache-control': 'no-cache'})
DEBUG:selenium.webdriver.remote.remote_connection:Finished Request
DEBUG:selenium.webdriver.remote.remote_connection:POST http://localhost:54346/session/e080ae79f4e6d51ef74b4f0374a5963d/element/bd90c7dc-dcb6-493c-84dd-952a59b6e408/click {"id": "bd90c7dc-dcb6-493c-84dd-952a59b6e408"}
DEBUG:urllib3.connectionpool:http://localhost:54346 "POST /session/e080ae79f4e6d51ef74b4f0374a5963d/element/bd90c7dc-dcb6-493c-84dd-952a59b6e408/click HTTP/1.1" 200 14
DEBUG:selenium.webdriver.remote.remote_connection:Remote response: status=200 | data={"value":null} | headers=HTTPHeaderDict({'Content-Length': '14', 'Content-Type': 'application/json; charset=utf-8', 'cache-control': 'no-cache'})
DEBUG:selenium.webdriver.remote.remote_connection:Finished Request
INFO:root:login verified - 2023-09-28 12:43:39.095195
INFO:WDM:====== WebDriver manager ======
INFO:WDM:Driver [C:\Users\ammulu\.wdm\drivers\chromedriver\win32\109.0.5414.74\chromedriver.exe] found in cache
DEBUG:selenium.webdriver.common.service:Started executable: `C:\Users\ammulu\.wdm\drivers\chromedriver\win32\109.0.5414.74\chromedriver.exe` in a child process with pid: 7412
DEBUG:selenium.webdriver.remote.remote_connection:POST http://localhost:54364/session {"capabilities": {"firstMatch": [{}], "alwaysMatch": {"browserName": "chrome", "pageLoadStrategy": "normal", "goog:chromeOptions": {"extensions": [], "args": []}}}}
DEBUG:urllib3.connectionpool:Starting new HTTP connection (1): localhost:54364
DEBUG:urllib3.connectionpool:http://localhost:54364 "POST /session HTTP/1.1" 200 792
DEBUG:selenium.webdriver.remote.remote_connection:Remote response: status=200 | data={"value":{"capabilities":{"acceptInsecureCerts":false,"browserName":"chrome","browserVersion":"109.0.5414.149","chrome":{"chromedriverVersion":"109.0.5414.74 (e7c5703604daa9cc128ccf5a5d3e993513758913-refs/branch-heads/5414@{#1172})","userDataDir":"C:\\Users\\ammulu\\AppData\\Local\\Temp\\scoped_dir7412_1704153000"},"goog:chromeOptions":{"debuggerAddress":"localhost:54367"},"networkConnectionEnabled":false,"pageLoadStrategy":"normal","platformName":"windows","proxy":{},"setWindowRect":true,"strictFileInteractability":false,"timeouts":{"implicit":0,"pageLoad":300000,"script":30000},"unhandledPromptBehavior":"dismiss and notify","webauthn:extension:credBlob":true,"webauthn:extension:largeBlob":true,"webauthn:virtualAuthenticators":true},"sessionId":"97eddee4a9e56118482129d6b10019d6"}} | headers=HTTPHeaderDict({'Content-Length': '792', 'Content-Type': 'application/json; charset=utf-8', 'cache-control': 'no-cache'})
DEBUG:selenium.webdriver.remote.remote_connection:Finished Request
DEBUG:selenium.webdriver.remote.remote_connection:POST http://localhost:54364/session/97eddee4a9e56118482129d6b10019d6/window/maximize {}
DEBUG:urllib3.connectionpool:http://localhost:54364 "POST /session/97eddee4a9e56118482129d6b10019d6/window/maximize HTTP/1.1" 200 51
DEBUG:selenium.webdriver.remote.remote_connection:Remote response: status=200 | data={"value":{"height":744,"width":1040,"x":-8,"y":-8}} | headers=HTTPHeaderDict({'Content-Length': '51', 'Content-Type': 'application/json; charset=utf-8', 'cache-control': 'no-cache'})
DEBUG:selenium.webdriver.remote.remote_connection:Finished Request
DEBUG:selenium.webdriver.remote.remote_connection:POST http://localhost:54364/session/97eddee4a9e56118482129d6b10019d6/url {"url": "https://www.facebook.com"}
DEBUG:urllib3.connectionpool:http://localhost:54364 "POST /session/97eddee4a9e56118482129d6b10019d6/url HTTP/1.1" 200 14
DEBUG:selenium.webdriver.remote.remote_connection:Remote response: status=200 | data={"value":null} | headers=HTTPHeaderDict({'Content-Length': '14', 'Content-Type': 'application/json; charset=utf-8', 'cache-control': 'no-cache'})
DEBUG:selenium.webdriver.remote.remote_connection:Finished Request
DEBUG:selenium.webdriver.remote.remote_connection:GET http://localhost:54364/session/97eddee4a9e56118482129d6b10019d6/title {}
DEBUG:urllib3.connectionpool:http://localhost:54364 "GET /session/97eddee4a9e56118482129d6b10019d6/title HTTP/1.1" 200 42
DEBUG:selenium.webdriver.remote.remote_connection:Remote response: status=200 | data={"value":"Facebook – log in or sign up"} | headers=HTTPHeaderDict({'Content-Length': '42', 'Content-Type': 'application/json; charset=utf-8', 'cache-control': 'no-cache'})
DEBUG:selenium.webdriver.remote.remote_connection:Finished Request
INFO:root:Web Page title verified - 2023-09-28 12:43:50.263418
DEBUG:selenium.webdriver.remote.remote_connection:POST http://localhost:54364/session/97eddee4a9e56118482129d6b10019d6/element {"using": "xpath", "value": "//*[@name='email']"}
DEBUG:urllib3.connectionpool:http://localhost:54364 "POST /session/97eddee4a9e56118482129d6b10019d6/element HTTP/1.1" 200 88
DEBUG:selenium.webdriver.remote.remote_connection:Remote response: status=200 | data={"value":{"element-6066-11e4-a52e-4f735466cecf":"2825b755-dfe1-4a75-babc-bd6b5d061a5c"}} | headers=HTTPHeaderDict({'Content-Length': '88', 'Content-Type': 'application/json; charset=utf-8', 'cache-control': 'no-cache'})
DEBUG:selenium.webdriver.remote.remote_connection:Finished Request
DEBUG:selenium.webdriver.remote.remote_connection:POST http://localhost:54364/session/97eddee4a9e56118482129d6b10019d6/element/2825b755-dfe1-4a75-babc-bd6b5d061a5c/value {"text": "kumar@gmail.com", "value": ["k", "u", "m", "a", "r", "@", "g", "m", "a", "i", "l", ".", "c", "o", "m"], "id": "2825b755-dfe1-4a75-babc-bd6b5d061a5c"}
DEBUG:urllib3.connectionpool:http://localhost:54364 "POST /session/97eddee4a9e56118482129d6b10019d6/element/2825b755-dfe1-4a75-babc-bd6b5d061a5c/value HTTP/1.1" 200 14
DEBUG:selenium.webdriver.remote.remote_connection:Remote response: status=200 | data={"value":null} | headers=HTTPHeaderDict({'Content-Length': '14', 'Content-Type': 'application/json; charset=utf-8', 'cache-control': 'no-cache'})
DEBUG:selenium.webdriver.remote.remote_connection:Finished Request
DEBUG:selenium.webdriver.remote.remote_connection:POST http://localhost:54364/session/97eddee4a9e56118482129d6b10019d6/element {"using": "xpath", "value": "//*[@name='pass']"}
DEBUG:urllib3.connectionpool:http://localhost:54364 "POST /session/97eddee4a9e56118482129d6b10019d6/element HTTP/1.1" 200 88
DEBUG:selenium.webdriver.remote.remote_connection:Remote response: status=200 | data={"value":{"element-6066-11e4-a52e-4f735466cecf":"dc63ed24-2140-4807-bdf1-0b5111d3bb34"}} | headers=HTTPHeaderDict({'Content-Length': '88', 'Content-Type': 'application/json; charset=utf-8', 'cache-control': 'no-cache'})
DEBUG:selenium.webdriver.remote.remote_connection:Finished Request
DEBUG:selenium.webdriver.remote.remote_connection:POST http://localhost:54364/session/97eddee4a9e56118482129d6b10019d6/element/dc63ed24-2140-4807-bdf1-0b5111d3bb34/value {"text": "password2", "value": ["p", "a", "s", "s", "w", "o", "r", "d", "2"], "id": "dc63ed24-2140-4807-bdf1-0b5111d3bb34"}
DEBUG:urllib3.connectionpool:http://localhost:54364 "POST /session/97eddee4a9e56118482129d6b10019d6/element/dc63ed24-2140-4807-bdf1-0b5111d3bb34/value HTTP/1.1" 200 14
DEBUG:selenium.webdriver.remote.remote_connection:Remote response: status=200 | data={"value":null} | headers=HTTPHeaderDict({'Content-Length': '14', 'Content-Type': 'application/json; charset=utf-8', 'cache-control': 'no-cache'})
DEBUG:selenium.webdriver.remote.remote_connection:Finished Request
DEBUG:selenium.webdriver.remote.remote_connection:POST http://localhost:54364/session/97eddee4a9e56118482129d6b10019d6/element {"using": "xpath", "value": "//*[@name='login']"}
DEBUG:urllib3.connectionpool:http://localhost:54364 "POST /session/97eddee4a9e56118482129d6b10019d6/element HTTP/1.1" 200 88
DEBUG:selenium.webdriver.remote.remote_connection:Remote response: status=200 | data={"value":{"element-6066-11e4-a52e-4f735466cecf":"3ca59dbf-a993-4975-8dda-0fff8064732c"}} | headers=HTTPHeaderDict({'Content-Length': '88', 'Content-Type': 'application/json; charset=utf-8', 'cache-control': 'no-cache'})
DEBUG:selenium.webdriver.remote.remote_connection:Finished Request
DEBUG:selenium.webdriver.remote.remote_connection:POST http://localhost:54364/session/97eddee4a9e56118482129d6b10019d6/element/3ca59dbf-a993-4975-8dda-0fff8064732c/click {"id": "3ca59dbf-a993-4975-8dda-0fff8064732c"}
DEBUG:urllib3.connectionpool:http://localhost:54364 "POST /session/97eddee4a9e56118482129d6b10019d6/element/3ca59dbf-a993-4975-8dda-0fff8064732c/click HTTP/1.1" 200 14
DEBUG:selenium.webdriver.remote.remote_connection:Remote response: status=200 | data={"value":null} | headers=HTTPHeaderDict({'Content-Length': '14', 'Content-Type': 'application/json; charset=utf-8', 'cache-control': 'no-cache'})
DEBUG:selenium.webdriver.remote.remote_connection:Finished Request
INFO:root:login verified - 2023-09-28 12:43:51.019007
